Log file open, 11/11/17 17:14:52
LogInit:Display: Running engine for game: Matrix2
LogPlatformFile: Not using cached read wrapper
LogInit:Display: RandInit(1301451611) SRandInit(1301451611).
LogTaskGraph: Started task graph with 5 named threads and 8 total threads with 1 sets of task threads.
LogStats: Stats thread started at 0.087876
LogInit: Using libcurl 7.47.1
LogInit:  - built for x86_64-pc-win32
LogInit:  - supports SSL with OpenSSL/1.0.2g
LogInit:  - supports HTTP deflate (compression) using libz 1.2.8
LogInit:  - other features:
LogInit:      CURL_VERSION_SSL
LogInit:      CURL_VERSION_LIBZ
LogInit:      CURL_VERSION_IPV6
LogInit:      CURL_VERSION_ASYNCHDNS
LogInit:      CURL_VERSION_LARGEFILE
LogInit:      CURL_VERSION_IDN
LogInit:  CurlRequestOptions (configurable via config and command line):
LogInit:  - bVerifyPeer = false  - Libcurl will NOT verify peer certificate
LogInit:  - bUseHttpProxy = false  - Libcurl will NOT use HTTP proxy
LogInit:  - bDontReuseConnections = false  - Libcurl will reuse connections
LogInit:  - CertBundlePath = nullptr  - Libcurl will use whatever was configured at build time.
LogInit: Build: ++UE4+Release-4.15-CL-3450819
LogInit: Engine Version: 4.15.3-3450819+++UE4+Release-4.15
LogInit: Compatible Engine Version: 4.15.0-3299760+++UE4+Release-4.15
LogInit: Net CL: 3299760
LogDevObjectVersion: Number of dev versions registered: 14
LogDevObjectVersion:   Dev-Blueprints (B0D832E4-1F89-4F0D-ACCF-7EB736FD4AA2): 8
LogDevObjectVersion:   Dev-Build (E1C64328-A22C-4D53-A36C-8E866417BD8C): 0
LogDevObjectVersion:   Dev-Core (375EC13C-06E4-48FB-B500-84F0262A717E): 2
LogDevObjectVersion:   Dev-Editor (E4B068ED-F494-42E9-A231-DA0B2E46BB41): 14
LogDevObjectVersion:   Dev-Framework (CFFC743F-43B0-4480-9391-14DF171D2073): 22
LogDevObjectVersion:   Dev-Mobile (B02B49B5-BB20-44E9-A304-32B752E40360): 0
LogDevObjectVersion:   Dev-Networking (A4E4105C-59A1-49B5-A7C5-40C4547EDFEE): 0
LogDevObjectVersion:   Dev-Online (39C831C9-5AE6-47DC-9A44-9C173E1C8E7C): 0
LogDevObjectVersion:   Dev-Physics (78F01B33-EBEA-4F98-B9B4-84EACCB95AA2): 0
LogDevObjectVersion:   Dev-Platform (6631380F-2D4D-43E0-8009-CF276956A95A): 0
LogDevObjectVersion:   Dev-Rendering (12F88B9F-8875-4AFC-A67C-D90C383ABD29): 12
LogDevObjectVersion:   Dev-Sequencer (7B5AE74C-D270-4C10-A958-57980B212A5A): 3
LogDevObjectVersion:   Dev-VR (D7296918-1DD6-4BDD-9DE2-64A83CC13884): 0
LogDevObjectVersion:   Dev-LoadTimes (C2A15278-BFE7-4AFE-6C17-90FF531DF755): 1
LogInit: Compiled (64-bit): May 21 2017 11:02:34
LogInit: Compiled with Visual C++: 19.00.23026.00
LogInit: Build Configuration: Development
LogInit: Branch Name: ++UE4+Release-4.15
LogInit: Command line:  
LogInit: Base directory: C:/Program Files/Epic Games/UE_4.15/Engine/Binaries/Win64/
LogInit: Installed Engine Build: 1
LogInit: Presizing for max 8388607 objects, including 0 objects not considered by GC, pre-allocating 0 bytes for permanent pool.
LogInit: Object subsystem initialized
[2017.11.11-22.14.54:164][  0]LogInit: Selected Device Profile: [Windows]
[2017.11.11-22.14.54:164][  0]LogInit: Applying CVar settings loaded from the selected device profile: [Windows]
[2017.11.11-22.14.54:192][  0]LogInit: Computer: NICK-PSIZZLE
[2017.11.11-22.14.54:192][  0]LogInit: User: user
[2017.11.11-22.14.54:192][  0]LogInit: CPU Page size=65536, Cores=4
[2017.11.11-22.14.54:192][  0]LogInit: High frequency timer resolution =1.948696 MHz
[2017.11.11-22.14.54:192][  0]LogMemory: Memory total: Physical=7.9GB (8GB approx)
[2017.11.11-22.14.54:192][  0]LogMemory: Platform Memory Stats for Windows
[2017.11.11-22.14.54:192][  0]LogMemory: Process Physical Memory: 263.13 MB used, 263.13 MB peak
[2017.11.11-22.14.54:192][  0]LogMemory: Process Virtual Memory: 262.67 MB used, 262.67 MB peak
[2017.11.11-22.14.54:192][  0]LogMemory: Physical Memory: 5963.18 MB used,  2141.11 MB free, 8104.28 MB total
[2017.11.11-22.14.54:192][  0]LogMemory: Virtual Memory: 645.61 MB used,  2141.11 MB free, 134217728.00 MB total
[2017.11.11-22.14.54:305][  0]LogTextLocalizationManager: No specific translations for ('en-US') exist, so ('en') translations will be used.
[2017.11.11-22.14.55:170][  0]LogD3D11RHI: D3D11 adapters:
[2017.11.11-22.14.55:229][  0]LogD3D11RHI:    0. 'NVIDIA GeForce GT 540M' (Feature Level 11_0)
[2017.11.11-22.14.55:229][  0]LogD3D11RHI:       2000/0/4052 MB DedicatedVideo/DedicatedSystem/SharedSystem, Outputs:1, VendorId:0x10de
[2017.11.11-22.14.55:270][  0]LogD3D11RHI:    1. 'NVIDIA GeForce GT 540M' (Feature Level 11_0)
[2017.11.11-22.14.55:270][  0]LogD3D11RHI:       2000/0/4052 MB DedicatedVideo/DedicatedSystem/SharedSystem, Outputs:0, VendorId:0x10de
[2017.11.11-22.14.55:274][  0]LogD3D11RHI:    2. 'Microsoft Basic Render Driver' (Feature Level 11_0)
[2017.11.11-22.14.55:274][  0]LogD3D11RHI:       2000/0/4052 MB DedicatedVideo/DedicatedSystem/SharedSystem, Outputs:0, VendorId:0x1414
[2017.11.11-22.14.55:274][  0]LogD3D11RHI: Chosen D3D11 Adapter: 0
[2017.11.11-22.14.55:286][  0]LogD3D11RHI: Creating new Direct3DDevice
[2017.11.11-22.14.55:287][  0]LogD3D11RHI:     GPU DeviceId: 0xdf4 (for the marketing name, search the web for "GPU Device Id")
[2017.11.11-22.14.55:287][  0]LogWindows: EnumDisplayDevices:
[2017.11.11-22.14.55:287][  0]LogWindows:    0. 'Intel(R) HD Graphics 3000' (P:1 D:1)
[2017.11.11-22.14.55:287][  0]LogWindows:    1. 'Intel(R) HD Graphics 3000' (P:0 D:0)
[2017.11.11-22.14.55:288][  0]LogWindows:    2. 'NVIDIA GeForce GT 540M' (P:0 D:0)
[2017.11.11-22.14.55:288][  0]LogWindows: DebugString: PrimaryIsNotTheChoosenAdapter PrimaryIsNotTheChoosenAdapter 
[2017.11.11-22.14.55:288][  0]LogD3D11RHI:     Adapter Name: NVIDIA GeForce GT 540M
[2017.11.11-22.14.55:288][  0]LogD3D11RHI:   Driver Version: 388.00 (internal:23.21.13.8800, unified:388.00)
[2017.11.11-22.14.55:288][  0]LogD3D11RHI:      Driver Date: 10-12-2017
[2017.11.11-22.14.55:288][  0]LogRHI: Texture pool is 1361 MB (70% of 1945 MB)
[2017.11.11-22.14.55:342][  0]LogD3D11RHI:Warning: Timestamp queries are currently disabled on this hardware due to instability. Realtime GPU stats will not be available. You can override this behaviour by setting r.NVIDIATimestampWorkaround to 0
[2017.11.11-22.14.55:343][  0]LogD3D11RHI: Async texture creation enabled
[2017.11.11-22.14.55:359][  0]LogD3D11RHI: GPU Timing Frequency: 1000.000000 (Debug: 2 1)
[2017.11.11-22.14.55:361][  0]LogShaderCompilers: Guid format shader working directory is -21 characters bigger than the processId version (../../../../../../Users/user/Desktop/CrouchingBulletsHiddenBullets/Intermediate/Shaders/WorkingDirectory/2604/).
[2017.11.11-22.14.55:361][  0]LogShaderCompilers: Cleaned the shader compiler working directory 'C:/Users/user/AppData/Local/Temp/UnrealShaderWorkingDir/89CB35CB4F016520D54ED48A63F10205/'.
[2017.11.11-22.14.55:361][  0]LogShaderCompilers:Display: Using Local Shader Compiler.
[2017.11.11-22.14.57:241][  0]LogTemp:Display: Loaded TP AllDesktopTargetPlatform
[2017.11.11-22.14.57:344][  0]LogTemp:Display: Loaded TP MacClientTargetPlatform
[2017.11.11-22.14.57:427][  0]LogTemp:Display: Loaded TP MacNoEditorTargetPlatform
[2017.11.11-22.14.57:512][  0]LogTemp:Display: Loaded TP MacServerTargetPlatform
[2017.11.11-22.14.57:601][  0]LogTemp:Display: Loaded TP MacTargetPlatform
[2017.11.11-22.14.57:685][  0]LogTemp:Display: Loaded TP WindowsClientTargetPlatform
[2017.11.11-22.14.57:795][  0]LogTemp:Display: Loaded TP WindowsNoEditorTargetPlatform
[2017.11.11-22.14.57:917][  0]LogTemp:Display: Loaded TP WindowsServerTargetPlatform
[2017.11.11-22.14.57:985][  0]LogTemp:Display: Loaded TP WindowsTargetPlatform
[2017.11.11-22.14.58:161][  0]LogTemp:Display: Loaded TP AndroidTargetPlatform
[2017.11.11-22.14.58:246][  0]LogTemp:Display: Loaded TP Android_ASTCTargetPlatform
[2017.11.11-22.14.58:329][  0]LogTemp:Display: Loaded TP Android_ATCTargetPlatform
[2017.11.11-22.14.58:413][  0]LogTemp:Display: Loaded TP Android_DXTTargetPlatform
[2017.11.11-22.14.58:498][  0]LogTemp:Display: Loaded TP Android_ETC1TargetPlatform
[2017.11.11-22.14.58:580][  0]LogTemp:Display: Loaded TP Android_ETC2TargetPlatform
[2017.11.11-22.14.58:752][  0]LogTemp:Display: Loaded TP Android_MultiTargetPlatform
[2017.11.11-22.14.58:752][  0]LogTemp:Display: Loaded TP Android_PVRTCTargetPlatform
[2017.11.11-22.14.58:814][  0]LogTemp:Display: Loaded TP HTML5TargetPlatform
[2017.11.11-22.14.58:979][  0]LogTemp:Display: Loaded TP IOSTargetPlatform
[2017.11.11-22.14.59:034][  0]LogTemp:Display: Loaded TP TVOSTargetPlatform
[2017.11.11-22.14.59:130][  0]LogTemp:Display: Loaded TP LinuxClientTargetPlatform
[2017.11.11-22.14.59:212][  0]LogTemp:Display: Loaded TP LinuxNoEditorTargetPlatform
[2017.11.11-22.14.59:296][  0]LogTemp:Display: Loaded TP LinuxServerTargetPlatform
[2017.11.11-22.14.59:389][  0]LogTemp:Display: Loaded TP LinuxTargetPlatform
[2017.11.11-22.14.59:389][  0]LogTargetPlatformManager:Display: Building Assets For Windows
[2017.11.11-22.15.00:284][  0]LogDerivedDataCache:Display: Max Cache Size: 512 MB
[2017.11.11-22.15.03:004][  0]LogDerivedDataCache: Loaded boot cache 2.72s 52MB C:/Users/user/AppData/Local/UnrealEngine/4.15/DerivedDataCache/Boot.ddc.
[2017.11.11-22.15.03:004][  0]LogDerivedDataCache:Display: Loaded Boot cache: C:/Users/user/AppData/Local/UnrealEngine/4.15/DerivedDataCache/Boot.ddc
[2017.11.11-22.15.03:004][  0]LogDerivedDataCache: FDerivedDataBackendGraph:  Pak pak cache file ../../../../../../Users/user/Desktop/CrouchingBulletsHiddenBullets/DerivedDataCache/DDC.ddp not found, will not use a pak cache.
[2017.11.11-22.15.03:004][  0]LogDerivedDataCache: Unable to find inner node Pak for hierarchical cache Hierarchy.
[2017.11.11-22.15.03:004][  0]LogDerivedDataCache: FDerivedDataBackendGraph:  CompressedPak pak cache file ../../../../../../Users/user/Desktop/CrouchingBulletsHiddenBullets/DerivedDataCache/Compressed.ddp not found, will not use a pak cache.
[2017.11.11-22.15.03:004][  0]LogDerivedDataCache: Unable to find inner node CompressedPak for hierarchical cache Hierarchy.
[2017.11.11-22.15.03:029][  0]LogDerivedDataCache:Display: Pak cache opened for reading ../../../Engine/DerivedDataCache/Compressed.ddp.
[2017.11.11-22.15.03:042][  0]LogDerivedDataCache: Using Local data cache path C:/Users/user/AppData/Local/UnrealEngine/Common/DerivedDataCache: Writable
[2017.11.11-22.15.03:055][  0]LogSlate: Using Freetype 2.6.0
[2017.11.11-22.15.03:143][  0]LogSlate: SlateFontCache - WITH_FREETYPE: 1, WITH_HARFBUZZ: 1
[2017.11.11-22.15.03:143][  0]LogSlate: SlateFontCache - WITH_FREETYPE: 1, WITH_HARFBUZZ: 1
[2017.11.11-22.15.07:182][  0]LogInit: Selected Device Profile: [Windows]
[2017.11.11-22.15.07:186][  0]LogContentStreaming: Texture pool size is 0.00 MB
[2017.11.11-22.15.07:517][  0]LogMeshUtilities: Using QuadricMeshReduction for automatic static mesh reduction
[2017.11.11-22.15.07:589][  0]LogSimplygon: Simplygon DLL not present - disabling.
[2017.11.11-22.15.07:664][  0]LogMeshUtilities: Using SimplygonSwarm for distributed automatic mesh merging
[2017.11.11-22.15.07:664][  0]LogMeshUtilities: No automatic skeletal mesh reduction module available
[2017.11.11-22.15.07:664][  0]LogMeshUtilities: No automatic mesh merging module available
[2017.11.11-22.15.08:683][  0]LogNetVersion: GetLocalNetworkVersion: CL: 3299760, ProjectName: matrix2, ProjectVersion: , EngineNetworkVersion: 2, GameNetworkVersion: 0, NetworkChecksum: 3437069805
[2017.11.11-22.15.08:751][  0]LogAssetRegistry: FAssetRegistry took 0.0227 seconds to start up
[2017.11.11-22.15.08:853][  0]LogPackageLocalizationCache: Processed 3 localized package path(s) for 2 prioritized culture(s) in 0.061781 seconds
[2017.11.11-22.15.08:862][  0]LogUObjectArray: 32493 objects as part of root set at end of initial load.
[2017.11.11-22.15.08:862][  0]LogUObjectAllocator: 7077024 out of 0 bytes used by permanent object pool.
[2017.11.11-22.15.08:862][  0]LogUObjectArray: CloseDisregardForGC: 0/0 objects in disregard for GC pool
[2017.11.11-22.15.08:986][  0]LogInit: WinSock: version 1.1 (2.2), MaxSocks=32767, MaxUdp=65467
